0 info it worked if it ends with ok
1 verbose cli [ '/usr/bin/nodejs',
1 verbose cli   '/usr/bin/npm',
1 verbose cli   'install',
1 verbose cli   '-g',
1 verbose cli   'express-generator' ]
2 info using npm@3.5.2
3 info using node@v4.2.6
4 silly loadCurrentTree Starting
5 silly install loadCurrentTree
6 silly install readGlobalPackageData
7 silly fetchPackageMetaData express-generator
8 silly fetchNamedPackageData express-generator
9 silly mapToRegistry name express-generator
10 silly mapToRegistry using default registry
11 silly mapToRegistry registry https://registry.npmjs.org/
12 silly mapToRegistry uri https://registry.npmjs.org/express-generator
13 verbose request uri https://registry.npmjs.org/express-generator
14 verbose request no auth needed
15 info attempt registry request try #1 at 09:43:42
16 verbose request id 6f68dc03a685d8eb
17 http request GET https://registry.npmjs.org/express-generator
18 http 200 https://registry.npmjs.org/express-generator
19 verbose headers { server: 'nginx/1.10.1',
19 verbose headers   'content-type': 'application/json',
19 verbose headers   'last-modified': 'Thu, 02 Feb 2017 02:39:46 GMT',
19 verbose headers   etag: 'W/"58929bf2-95a1"',
19 verbose headers   'content-encoding': 'gzip',
19 verbose headers   'cache-control': 'max-age=300',
19 verbose headers   'content-length': '4447',
19 verbose headers   'accept-ranges': 'bytes',
19 verbose headers   date: 'Sat, 11 Feb 2017 08:43:42 GMT',
19 verbose headers   via: '1.1 varnish',
19 verbose headers   age: '224',
19 verbose headers   connection: 'keep-alive',
19 verbose headers   'x-served-by': 'cache-hhn1540-HHN',
19 verbose headers   'x-cache': 'HIT',
19 verbose headers   'x-cache-hits': '10',
19 verbose headers   'x-timer': 'S1486802622.915336,VS0,VE0',
19 verbose headers   vary: 'Accept-Encoding' }
20 silly get cb [ 200,
20 silly get   { server: 'nginx/1.10.1',
20 silly get     'content-type': 'application/json',
20 silly get     'last-modified': 'Thu, 02 Feb 2017 02:39:46 GMT',
20 silly get     etag: 'W/"58929bf2-95a1"',
20 silly get     'content-encoding': 'gzip',
20 silly get     'cache-control': 'max-age=300',
20 silly get     'content-length': '4447',
20 silly get     'accept-ranges': 'bytes',
20 silly get     date: 'Sat, 11 Feb 2017 08:43:42 GMT',
20 silly get     via: '1.1 varnish',
20 silly get     age: '224',
20 silly get     connection: 'keep-alive',
20 silly get     'x-served-by': 'cache-hhn1540-HHN',
20 silly get     'x-cache': 'HIT',
20 silly get     'x-cache-hits': '10',
20 silly get     'x-timer': 'S1486802622.915336,VS0,VE0',
20 silly get     vary: 'Accept-Encoding' } ]
21 verbose get saving express-generator to /home/sebastian/.npm/registry.npmjs.org/express-generator/.cache.json
22 verbose makeDirectory /home/sebastian/.npm creation not in flight; initializing
23 silly makeDirectory /home/sebastian/.npm uid: 1000 gid: 1000
24 silly install normalizeTree
25 silly loadCurrentTree Finishing
26 silly loadIdealTree Starting
27 silly install loadIdealTree
28 silly cloneCurrentTree Starting
29 silly install cloneCurrentTreeToIdealTree
30 silly cloneCurrentTree Finishing
31 silly loadShrinkwrap Starting
32 silly install loadShrinkwrap
33 silly loadShrinkwrap Finishing
34 silly loadAllDepsIntoIdealTree Starting
35 silly install loadAllDepsIntoIdealTree
36 silly resolveWithNewModule express-generator@4.14.1 checking installable status
37 silly cache add args [ 'express-generator', null ]
38 verbose cache add spec express-generator
39 silly cache add parsed spec Result {
39 silly cache add   raw: 'express-generator',
39 silly cache add   scope: null,
39 silly cache add   name: 'express-generator',
39 silly cache add   rawSpec: '',
39 silly cache add   spec: 'latest',
39 silly cache add   type: 'tag' }
40 silly addNamed express-generator@latest
41 verbose addNamed "latest" is being treated as a dist-tag for express-generator
42 info addNameTag [ 'express-generator', 'latest' ]
43 silly mapToRegistry name express-generator
44 silly mapToRegistry using default registry
45 silly mapToRegistry registry https://registry.npmjs.org/
46 silly mapToRegistry uri https://registry.npmjs.org/express-generator
47 verbose addNameTag registry:https://registry.npmjs.org/express-generator not in flight; fetching
48 verbose get https://registry.npmjs.org/express-generator not expired, no request
49 silly addNameTag next cb for express-generator with tag latest
50 silly addNamed express-generator@4.14.1
51 verbose addNamed "4.14.1" is a plain semver version for express-generator
52 silly mapToRegistry name express-generator
53 silly mapToRegistry using default registry
54 silly mapToRegistry registry https://registry.npmjs.org/
55 silly mapToRegistry uri https://registry.npmjs.org/express-generator
56 verbose addRemoteTarball https://registry.npmjs.org/express-generator/-/express-generator-4.14.1.tgz not in flight; adding
57 verbose addRemoteTarball [ 'https://registry.npmjs.org/express-generator/-/express-generator-4.14.1.tgz',
57 verbose addRemoteTarball   '3d04c1220901544ace51b57741946d8275be33dd' ]
58 info retry fetch attempt 1 at 09:43:43
59 info attempt registry request try #1 at 09:43:43
60 http fetch GET https://registry.npmjs.org/express-generator/-/express-generator-4.14.1.tgz
61 http fetch 200 https://registry.npmjs.org/express-generator/-/express-generator-4.14.1.tgz
62 silly fetchAndShaCheck shasum 3d04c1220901544ace51b57741946d8275be33dd
63 verbose addTmpTarball /tmp/npm-9090-a297a092/registry.npmjs.org/express-generator/-/express-generator-4.14.1.tgz not in flight; adding
64 verbose addTmpTarball already have metadata; skipping unpack for express-generator@4.14.1
65 silly cache afterAdd express-generator@4.14.1
66 verbose afterAdd /home/sebastian/.npm/express-generator/4.14.1/package/package.json not in flight; writing
67 verbose afterAdd /home/sebastian/.npm/express-generator/4.14.1/package/package.json written
68 silly fetchNamedPackageData commander
69 silly mapToRegistry name commander
70 silly mapToRegistry using default registry
71 silly mapToRegistry registry https://registry.npmjs.org/
72 silly mapToRegistry uri https://registry.npmjs.org/commander
73 silly fetchNamedPackageData mkdirp
74 silly mapToRegistry name mkdirp
75 silly mapToRegistry using default registry
76 silly mapToRegistry registry https://registry.npmjs.org/
77 silly mapToRegistry uri https://registry.npmjs.org/mkdirp
78 silly fetchNamedPackageData sorted-object
79 silly mapToRegistry name sorted-object
80 silly mapToRegistry using default registry
81 silly mapToRegistry registry https://registry.npmjs.org/
82 silly mapToRegistry uri https://registry.npmjs.org/sorted-object
83 verbose request uri https://registry.npmjs.org/commander
84 verbose request no auth needed
85 info attempt registry request try #1 at 09:43:43
86 http request GET https://registry.npmjs.org/commander
87 verbose request uri https://registry.npmjs.org/mkdirp
88 verbose request no auth needed
89 info attempt registry request try #1 at 09:43:43
90 http request GET https://registry.npmjs.org/mkdirp
91 verbose request uri https://registry.npmjs.org/sorted-object
92 verbose request no auth needed
93 info attempt registry request try #1 at 09:43:43
94 http request GET https://registry.npmjs.org/sorted-object
95 http 200 https://registry.npmjs.org/sorted-object
96 verbose headers { server: 'nginx/1.10.1',
96 verbose headers   'content-type': 'application/json',
96 verbose headers   'last-modified': 'Sat, 10 Sep 2016 23:39:29 GMT',
96 verbose headers   etag: 'W/"57d499b1-1545"',
96 verbose headers   'content-encoding': 'gzip',
96 verbose headers   'cache-control': 'max-age=300',
96 verbose headers   'content-length': '1619',
96 verbose headers   'accept-ranges': 'bytes',
96 verbose headers   date: 'Sat, 11 Feb 2017 08:43:43 GMT',
96 verbose headers   via: '1.1 varnish',
96 verbose headers   age: '0',
96 verbose headers   connection: 'keep-alive',
96 verbose headers   'x-served-by': 'cache-hhn1535-HHN',
96 verbose headers   'x-cache': 'HIT',
96 verbose headers   'x-cache-hits': '1',
96 verbose headers   'x-timer': 'S1486802623.276960,VS0,VE1',
96 verbose headers   vary: 'Accept-Encoding' }
97 silly get cb [ 200,
97 silly get   { server: 'nginx/1.10.1',
97 silly get     'content-type': 'application/json',
97 silly get     'last-modified': 'Sat, 10 Sep 2016 23:39:29 GMT',
97 silly get     etag: 'W/"57d499b1-1545"',
97 silly get     'content-encoding': 'gzip',
97 silly get     'cache-control': 'max-age=300',
97 silly get     'content-length': '1619',
97 silly get     'accept-ranges': 'bytes',
97 silly get     date: 'Sat, 11 Feb 2017 08:43:43 GMT',
97 silly get     via: '1.1 varnish',
97 silly get     age: '0',
97 silly get     connection: 'keep-alive',
97 silly get     'x-served-by': 'cache-hhn1535-HHN',
97 silly get     'x-cache': 'HIT',
97 silly get     'x-cache-hits': '1',
97 silly get     'x-timer': 'S1486802623.276960,VS0,VE1',
97 silly get     vary: 'Accept-Encoding' } ]
98 verbose get saving sorted-object to /home/sebastian/.npm/registry.npmjs.org/sorted-object/.cache.json
99 http 200 https://registry.npmjs.org/mkdirp
100 verbose headers { server: 'nginx/1.10.1',
100 verbose headers   'content-type': 'application/json',
100 verbose headers   'last-modified': 'Thu, 09 Feb 2017 08:38:50 GMT',
100 verbose headers   etag: 'W/"589c2a9a-61ac"',
100 verbose headers   'content-encoding': 'gzip',
100 verbose headers   'cache-control': 'max-age=300',
100 verbose headers   'content-length': '4729',
100 verbose headers   'accept-ranges': 'bytes',
100 verbose headers   date: 'Sat, 11 Feb 2017 08:43:43 GMT',
100 verbose headers   via: '1.1 varnish',
100 verbose headers   age: '49',
100 verbose headers   connection: 'keep-alive',
100 verbose headers   'x-served-by': 'cache-hhn1546-HHN',
100 verbose headers   'x-cache': 'HIT',
100 verbose headers   'x-cache-hits': '2',
100 verbose headers   'x-timer': 'S1486802623.276543,VS0,VE0',
100 verbose headers   vary: 'Accept-Encoding' }
101 silly get cb [ 200,
101 silly get   { server: 'nginx/1.10.1',
101 silly get     'content-type': 'application/json',
101 silly get     'last-modified': 'Thu, 09 Feb 2017 08:38:50 GMT',
101 silly get     etag: 'W/"589c2a9a-61ac"',
101 silly get     'content-encoding': 'gzip',
101 silly get     'cache-control': 'max-age=300',
101 silly get     'content-length': '4729',
101 silly get     'accept-ranges': 'bytes',
101 silly get     date: 'Sat, 11 Feb 2017 08:43:43 GMT',
101 silly get     via: '1.1 varnish',
101 silly get     age: '49',
101 silly get     connection: 'keep-alive',
101 silly get     'x-served-by': 'cache-hhn1546-HHN',
101 silly get     'x-cache': 'HIT',
101 silly get     'x-cache-hits': '2',
101 silly get     'x-timer': 'S1486802623.276543,VS0,VE0',
101 silly get     vary: 'Accept-Encoding' } ]
102 verbose get saving mkdirp to /home/sebastian/.npm/registry.npmjs.org/mkdirp/.cache.json
103 http 200 https://registry.npmjs.org/commander
104 verbose headers { server: 'nginx/1.10.1',
104 verbose headers   'content-type': 'application/json',
104 verbose headers   'last-modified': 'Sat, 11 Feb 2017 03:30:54 GMT',
104 verbose headers   etag: 'W/"589e856e-ff2c"',
104 verbose headers   'content-encoding': 'gzip',
104 verbose headers   'cache-control': 'max-age=300',
104 verbose headers   'content-length': '12581',
104 verbose headers   'accept-ranges': 'bytes',
104 verbose headers   date: 'Sat, 11 Feb 2017 08:43:43 GMT',
104 verbose headers   via: '1.1 varnish',
104 verbose headers   age: '38',
104 verbose headers   connection: 'keep-alive',
104 verbose headers   'x-served-by': 'cache-hhn1543-HHN',
104 verbose headers   'x-cache': 'HIT',
104 verbose headers   'x-cache-hits': '1',
104 verbose headers   'x-timer': 'S1486802623.276483,VS0,VE0',
104 verbose headers   vary: 'Accept-Encoding' }
105 silly get cb [ 200,
105 silly get   { server: 'nginx/1.10.1',
105 silly get     'content-type': 'application/json',
105 silly get     'last-modified': 'Sat, 11 Feb 2017 03:30:54 GMT',
105 silly get     etag: 'W/"589e856e-ff2c"',
105 silly get     'content-encoding': 'gzip',
105 silly get     'cache-control': 'max-age=300',
105 silly get     'content-length': '12581',
105 silly get     'accept-ranges': 'bytes',
105 silly get     date: 'Sat, 11 Feb 2017 08:43:43 GMT',
105 silly get     via: '1.1 varnish',
105 silly get     age: '38',
105 silly get     connection: 'keep-alive',
105 silly get     'x-served-by': 'cache-hhn1543-HHN',
105 silly get     'x-cache': 'HIT',
105 silly get     'x-cache-hits': '1',
105 silly get     'x-timer': 'S1486802623.276483,VS0,VE0',
105 silly get     vary: 'Accept-Encoding' } ]
106 verbose get saving commander to /home/sebastian/.npm/registry.npmjs.org/commander/.cache.json
107 silly resolveWithNewModule sorted-object@2.0.1 checking installable status
108 silly cache add args [ 'sorted-object@2.0.1', null ]
109 verbose cache add spec sorted-object@2.0.1
110 silly cache add parsed spec Result {
110 silly cache add   raw: 'sorted-object@2.0.1',
110 silly cache add   scope: null,
110 silly cache add   name: 'sorted-object',
110 silly cache add   rawSpec: '2.0.1',
110 silly cache add   spec: '2.0.1',
110 silly cache add   type: 'version' }
111 silly addNamed sorted-object@2.0.1
112 verbose addNamed "2.0.1" is a plain semver version for sorted-object
113 silly mapToRegistry name sorted-object
114 silly mapToRegistry using default registry
115 silly mapToRegistry registry https://registry.npmjs.org/
116 silly mapToRegistry uri https://registry.npmjs.org/sorted-object
117 verbose addNameVersion registry:https://registry.npmjs.org/sorted-object not in flight; fetching
118 silly resolveWithNewModule mkdirp@0.5.1 checking installable status
119 silly cache add args [ 'mkdirp@0.5.1', null ]
120 verbose cache add spec mkdirp@0.5.1
121 silly cache add parsed spec Result {
121 silly cache add   raw: 'mkdirp@0.5.1',
121 silly cache add   scope: null,
121 silly cache add   name: 'mkdirp',
121 silly cache add   rawSpec: '0.5.1',
121 silly cache add   spec: '0.5.1',
121 silly cache add   type: 'version' }
122 silly addNamed mkdirp@0.5.1
123 verbose addNamed "0.5.1" is a plain semver version for mkdirp
124 silly mapToRegistry name mkdirp
125 silly mapToRegistry using default registry
126 silly mapToRegistry registry https://registry.npmjs.org/
127 silly mapToRegistry uri https://registry.npmjs.org/mkdirp
128 verbose addNameVersion registry:https://registry.npmjs.org/mkdirp not in flight; fetching
129 silly resolveWithNewModule commander@2.9.0 checking installable status
130 silly cache add args [ 'commander@2.9.0', null ]
131 verbose cache add spec commander@2.9.0
132 silly cache add parsed spec Result {
132 silly cache add   raw: 'commander@2.9.0',
132 silly cache add   scope: null,
132 silly cache add   name: 'commander',
132 silly cache add   rawSpec: '2.9.0',
132 silly cache add   spec: '2.9.0',
132 silly cache add   type: 'version' }
133 silly addNamed commander@2.9.0
134 verbose addNamed "2.9.0" is a plain semver version for commander
135 silly mapToRegistry name commander
136 silly mapToRegistry using default registry
137 silly mapToRegistry registry https://registry.npmjs.org/
138 silly mapToRegistry uri https://registry.npmjs.org/commander
139 verbose addNameVersion registry:https://registry.npmjs.org/commander not in flight; fetching
140 verbose get https://registry.npmjs.org/sorted-object not expired, no request
141 silly mapToRegistry name sorted-object
142 silly mapToRegistry using default registry
143 silly mapToRegistry registry https://registry.npmjs.org/
144 silly mapToRegistry uri https://registry.npmjs.org/sorted-object
145 verbose addRemoteTarball https://registry.npmjs.org/sorted-object/-/sorted-object-2.0.1.tgz not in flight; adding
146 verbose addRemoteTarball [ 'https://registry.npmjs.org/sorted-object/-/sorted-object-2.0.1.tgz',
146 verbose addRemoteTarball   '7d631f4bd3a798a24af1dffcfbfe83337a5df5fc' ]
147 verbose get https://registry.npmjs.org/mkdirp not expired, no request
148 silly mapToRegistry name mkdirp
149 silly mapToRegistry using default registry
150 silly mapToRegistry registry https://registry.npmjs.org/
151 silly mapToRegistry uri https://registry.npmjs.org/mkdirp
152 verbose addRemoteTarball https://registry.npmjs.org/mkdirp/-/mkdirp-0.5.1.tgz not in flight; adding
153 verbose addRemoteTarball [ 'https://registry.npmjs.org/mkdirp/-/mkdirp-0.5.1.tgz',
153 verbose addRemoteTarball   '30057438eac6cf7f8c4767f38648d6697d75c903' ]
154 verbose get https://registry.npmjs.org/commander not expired, no request
155 info retry fetch attempt 1 at 09:43:43
156 info attempt registry request try #1 at 09:43:43
157 http fetch GET https://registry.npmjs.org/sorted-object/-/sorted-object-2.0.1.tgz
158 silly mapToRegistry name commander
159 silly mapToRegistry using default registry
160 silly mapToRegistry registry https://registry.npmjs.org/
161 silly mapToRegistry uri https://registry.npmjs.org/commander
162 verbose addRemoteTarball https://registry.npmjs.org/commander/-/commander-2.9.0.tgz not in flight; adding
163 verbose addRemoteTarball [ 'https://registry.npmjs.org/commander/-/commander-2.9.0.tgz',
163 verbose addRemoteTarball   '9c99094176e12240cb22d6c5146098400fe0f7d4' ]
164 info retry fetch attempt 1 at 09:43:43
165 info attempt registry request try #1 at 09:43:43
166 http fetch GET https://registry.npmjs.org/mkdirp/-/mkdirp-0.5.1.tgz
167 info retry fetch attempt 1 at 09:43:43
168 info attempt registry request try #1 at 09:43:43
169 http fetch GET https://registry.npmjs.org/commander/-/commander-2.9.0.tgz
170 http fetch 200 https://registry.npmjs.org/mkdirp/-/mkdirp-0.5.1.tgz
171 http fetch 200 https://registry.npmjs.org/sorted-object/-/sorted-object-2.0.1.tgz
172 silly fetchAndShaCheck shasum 7d631f4bd3a798a24af1dffcfbfe83337a5df5fc
173 silly fetchAndShaCheck shasum 30057438eac6cf7f8c4767f38648d6697d75c903
174 verbose addTmpTarball /tmp/npm-9090-a297a092/registry.npmjs.org/sorted-object/-/sorted-object-2.0.1.tgz not in flight; adding
175 verbose addTmpTarball already have metadata; skipping unpack for sorted-object@2.0.1
176 verbose addTmpTarball /tmp/npm-9090-a297a092/registry.npmjs.org/mkdirp/-/mkdirp-0.5.1.tgz not in flight; adding
177 verbose addTmpTarball already have metadata; skipping unpack for mkdirp@0.5.1
178 silly cache afterAdd sorted-object@2.0.1
179 verbose afterAdd /home/sebastian/.npm/sorted-object/2.0.1/package/package.json not in flight; writing
180 silly cache afterAdd mkdirp@0.5.1
181 verbose afterAdd /home/sebastian/.npm/mkdirp/0.5.1/package/package.json not in flight; writing
182 verbose afterAdd /home/sebastian/.npm/sorted-object/2.0.1/package/package.json written
183 verbose afterAdd /home/sebastian/.npm/mkdirp/0.5.1/package/package.json written
184 http fetch 200 https://registry.npmjs.org/commander/-/commander-2.9.0.tgz
185 silly fetchAndShaCheck shasum 9c99094176e12240cb22d6c5146098400fe0f7d4
186 verbose addTmpTarball /tmp/npm-9090-a297a092/registry.npmjs.org/commander/-/commander-2.9.0.tgz not in flight; adding
187 verbose addTmpTarball already have metadata; skipping unpack for commander@2.9.0
188 silly cache afterAdd commander@2.9.0
189 verbose afterAdd /home/sebastian/.npm/commander/2.9.0/package/package.json not in flight; writing
190 verbose afterAdd /home/sebastian/.npm/commander/2.9.0/package/package.json written
191 silly fetchNamedPackageData graceful-readlink
192 silly mapToRegistry name graceful-readlink
193 silly mapToRegistry using default registry
194 silly mapToRegistry registry https://registry.npmjs.org/
195 silly mapToRegistry uri https://registry.npmjs.org/graceful-readlink
196 verbose request uri https://registry.npmjs.org/graceful-readlink
197 verbose request no auth needed
198 info attempt registry request try #1 at 09:43:43
199 http request GET https://registry.npmjs.org/graceful-readlink
200 http 200 https://registry.npmjs.org/graceful-readlink
201 verbose headers { server: 'nginx/1.10.1',
201 verbose headers   'content-type': 'application/json',
201 verbose headers   'last-modified': 'Sat, 24 Dec 2016 22:39:10 GMT',
201 verbose headers   etag: 'W/"585ef90e-c1b"',
201 verbose headers   'content-encoding': 'gzip',
201 verbose headers   'cache-control': 'max-age=300',
201 verbose headers   'content-length': '983',
201 verbose headers   'accept-ranges': 'bytes',
201 verbose headers   date: 'Sat, 11 Feb 2017 08:43:43 GMT',
201 verbose headers   via: '1.1 varnish',
201 verbose headers   age: '58',
201 verbose headers   connection: 'keep-alive',
201 verbose headers   'x-served-by': 'cache-hhn1533-HHN',
201 verbose headers   'x-cache': 'HIT',
201 verbose headers   'x-cache-hits': '2',
201 verbose headers   'x-timer': 'S1486802623.572311,VS0,VE0',
201 verbose headers   vary: 'Accept-Encoding' }
202 silly get cb [ 200,
202 silly get   { server: 'nginx/1.10.1',
202 silly get     'content-type': 'application/json',
202 silly get     'last-modified': 'Sat, 24 Dec 2016 22:39:10 GMT',
202 silly get     etag: 'W/"585ef90e-c1b"',
202 silly get     'content-encoding': 'gzip',
202 silly get     'cache-control': 'max-age=300',
202 silly get     'content-length': '983',
202 silly get     'accept-ranges': 'bytes',
202 silly get     date: 'Sat, 11 Feb 2017 08:43:43 GMT',
202 silly get     via: '1.1 varnish',
202 silly get     age: '58',
202 silly get     connection: 'keep-alive',
202 silly get     'x-served-by': 'cache-hhn1533-HHN',
202 silly get     'x-cache': 'HIT',
202 silly get     'x-cache-hits': '2',
202 silly get     'x-timer': 'S1486802623.572311,VS0,VE0',
202 silly get     vary: 'Accept-Encoding' } ]
203 verbose get saving graceful-readlink to /home/sebastian/.npm/registry.npmjs.org/graceful-readlink/.cache.json
204 silly resolveWithNewModule graceful-readlink@1.0.1 checking installable status
205 silly cache add args [ 'graceful-readlink@>= 1.0.0', null ]
206 verbose cache add spec graceful-readlink@>= 1.0.0
207 silly cache add parsed spec Result {
207 silly cache add   raw: 'graceful-readlink@>= 1.0.0',
207 silly cache add   scope: null,
207 silly cache add   name: 'graceful-readlink',
207 silly cache add   rawSpec: '>= 1.0.0',
207 silly cache add   spec: '>=1.0.0',
207 silly cache add   type: 'range' }
208 silly addNamed graceful-readlink@>=1.0.0
209 verbose addNamed ">=1.0.0" is a valid semver range for graceful-readlink
210 silly addNameRange { name: 'graceful-readlink', range: '>=1.0.0', hasData: false }
211 silly mapToRegistry name graceful-readlink
212 silly mapToRegistry using default registry
213 silly mapToRegistry registry https://registry.npmjs.org/
214 silly mapToRegistry uri https://registry.npmjs.org/graceful-readlink
215 verbose addNameRange registry:https://registry.npmjs.org/graceful-readlink not in flight; fetching
216 verbose get https://registry.npmjs.org/graceful-readlink not expired, no request
217 silly addNameRange number 2 { name: 'graceful-readlink', range: '>=1.0.0', hasData: true }
218 silly addNameRange versions [ 'graceful-readlink', [ '1.0.0', '1.0.1' ] ]
219 silly addNamed graceful-readlink@1.0.1
220 verbose addNamed "1.0.1" is a plain semver version for graceful-readlink
221 silly mapToRegistry name graceful-readlink
222 silly mapToRegistry using default registry
223 silly mapToRegistry registry https://registry.npmjs.org/
224 silly mapToRegistry uri https://registry.npmjs.org/graceful-readlink
225 verbose addRemoteTarball https://registry.npmjs.org/graceful-readlink/-/graceful-readlink-1.0.1.tgz not in flight; adding
226 verbose addRemoteTarball [ 'https://registry.npmjs.org/graceful-readlink/-/graceful-readlink-1.0.1.tgz',
226 verbose addRemoteTarball   '4cafad76bc62f02fa039b2f94e9a3dd3a391a725' ]
227 info retry fetch attempt 1 at 09:43:43
228 info attempt registry request try #1 at 09:43:43
229 http fetch GET https://registry.npmjs.org/graceful-readlink/-/graceful-readlink-1.0.1.tgz
230 http fetch 200 https://registry.npmjs.org/graceful-readlink/-/graceful-readlink-1.0.1.tgz
231 silly fetchAndShaCheck shasum 4cafad76bc62f02fa039b2f94e9a3dd3a391a725
232 verbose addTmpTarball /tmp/npm-9090-a297a092/registry.npmjs.org/graceful-readlink/-/graceful-readlink-1.0.1.tgz not in flight; adding
233 verbose addTmpTarball already have metadata; skipping unpack for graceful-readlink@1.0.1
234 silly cache afterAdd graceful-readlink@1.0.1
235 verbose afterAdd /home/sebastian/.npm/graceful-readlink/1.0.1/package/package.json not in flight; writing
236 verbose afterAdd /home/sebastian/.npm/graceful-readlink/1.0.1/package/package.json written
237 silly fetchNamedPackageData minimist
238 silly mapToRegistry name minimist
239 silly mapToRegistry using default registry
240 silly mapToRegistry registry https://registry.npmjs.org/
241 silly mapToRegistry uri https://registry.npmjs.org/minimist
242 verbose request uri https://registry.npmjs.org/minimist
243 verbose request no auth needed
244 info attempt registry request try #1 at 09:43:43
245 http request GET https://registry.npmjs.org/minimist
246 http 200 https://registry.npmjs.org/minimist
247 verbose headers { server: 'nginx/1.10.1',
247 verbose headers   'content-type': 'application/json',
247 verbose headers   'last-modified': 'Fri, 10 Feb 2017 14:49:29 GMT',
247 verbose headers   etag: 'W/"589dd2f9-738e"',
247 verbose headers   'content-encoding': 'gzip',
247 verbose headers   'cache-control': 'max-age=300',
247 verbose headers   'content-length': '5576',
247 verbose headers   'accept-ranges': 'bytes',
247 verbose headers   date: 'Sat, 11 Feb 2017 08:43:43 GMT',
247 verbose headers   via: '1.1 varnish',
247 verbose headers   age: '74',
247 verbose headers   connection: 'keep-alive',
247 verbose headers   'x-served-by': 'cache-hhn1536-HHN',
247 verbose headers   'x-cache': 'HIT',
247 verbose headers   'x-cache-hits': '5',
247 verbose headers   'x-timer': 'S1486802623.788921,VS0,VE0',
247 verbose headers   vary: 'Accept-Encoding' }
248 silly get cb [ 200,
248 silly get   { server: 'nginx/1.10.1',
248 silly get     'content-type': 'application/json',
248 silly get     'last-modified': 'Fri, 10 Feb 2017 14:49:29 GMT',
248 silly get     etag: 'W/"589dd2f9-738e"',
248 silly get     'content-encoding': 'gzip',
248 silly get     'cache-control': 'max-age=300',
248 silly get     'content-length': '5576',
248 silly get     'accept-ranges': 'bytes',
248 silly get     date: 'Sat, 11 Feb 2017 08:43:43 GMT',
248 silly get     via: '1.1 varnish',
248 silly get     age: '74',
248 silly get     connection: 'keep-alive',
248 silly get     'x-served-by': 'cache-hhn1536-HHN',
248 silly get     'x-cache': 'HIT',
248 silly get     'x-cache-hits': '5',
248 silly get     'x-timer': 'S1486802623.788921,VS0,VE0',
248 silly get     vary: 'Accept-Encoding' } ]
249 verbose get saving minimist to /home/sebastian/.npm/registry.npmjs.org/minimist/.cache.json
250 silly resolveWithNewModule minimist@0.0.8 checking installable status
251 silly cache add args [ 'minimist@0.0.8', null ]
252 verbose cache add spec minimist@0.0.8
253 silly cache add parsed spec Result {
253 silly cache add   raw: 'minimist@0.0.8',
253 silly cache add   scope: null,
253 silly cache add   name: 'minimist',
253 silly cache add   rawSpec: '0.0.8',
253 silly cache add   spec: '0.0.8',
253 silly cache add   type: 'version' }
254 silly addNamed minimist@0.0.8
255 verbose addNamed "0.0.8" is a plain semver version for minimist
256 silly mapToRegistry name minimist
257 silly mapToRegistry using default registry
258 silly mapToRegistry registry https://registry.npmjs.org/
259 silly mapToRegistry uri https://registry.npmjs.org/minimist
260 verbose addNameVersion registry:https://registry.npmjs.org/minimist not in flight; fetching
261 verbose get https://registry.npmjs.org/minimist not expired, no request
262 silly mapToRegistry name minimist
263 silly mapToRegistry using default registry
264 silly mapToRegistry registry https://registry.npmjs.org/
265 silly mapToRegistry uri https://registry.npmjs.org/minimist
266 verbose addRemoteTarball https://registry.npmjs.org/minimist/-/minimist-0.0.8.tgz not in flight; adding
267 verbose addRemoteTarball [ 'https://registry.npmjs.org/minimist/-/minimist-0.0.8.tgz',
267 verbose addRemoteTarball   '857fcabfc3397d2625b8228262e86aa7a011b05d' ]
268 info retry fetch attempt 1 at 09:43:43
269 info attempt registry request try #1 at 09:43:43
270 http fetch GET https://registry.npmjs.org/minimist/-/minimist-0.0.8.tgz
271 http fetch 200 https://registry.npmjs.org/minimist/-/minimist-0.0.8.tgz
272 silly fetchAndShaCheck shasum 857fcabfc3397d2625b8228262e86aa7a011b05d
273 verbose addTmpTarball /tmp/npm-9090-a297a092/registry.npmjs.org/minimist/-/minimist-0.0.8.tgz not in flight; adding
274 verbose addTmpTarball already have metadata; skipping unpack for minimist@0.0.8
275 silly cache afterAdd minimist@0.0.8
276 verbose afterAdd /home/sebastian/.npm/minimist/0.0.8/package/package.json not in flight; writing
277 verbose afterAdd /home/sebastian/.npm/minimist/0.0.8/package/package.json written
278 silly loadAllDepsIntoIdealTree Finishing
279 silly idealTree:prePrune lib
279 silly idealTree:prePrune └─┬ express-generator@4.14.1
279 silly idealTree:prePrune   ├── commander@2.9.0
279 silly idealTree:prePrune   ├── graceful-readlink@1.0.1
279 silly idealTree:prePrune   ├── minimist@0.0.8
279 silly idealTree:prePrune   ├── mkdirp@0.5.1
279 silly idealTree:prePrune   └── sorted-object@2.0.1
280 silly loadIdealTree Finishing
281 silly currentTree lib
282 silly idealTree lib
282 silly idealTree └─┬ express-generator@4.14.1
282 silly idealTree   ├── commander@2.9.0
282 silly idealTree   ├── graceful-readlink@1.0.1
282 silly idealTree   ├── minimist@0.0.8
282 silly idealTree   ├── mkdirp@0.5.1
282 silly idealTree   └── sorted-object@2.0.1
283 silly generateActionsToTake Starting
284 silly install generateActionsToTake
285 warn checkPermissions Missing write access to /usr/local/lib
286 silly rollbackFailedOptional Starting
287 silly rollbackFailedOptional Finishing
288 silly runTopLevelLifecycles Starting
289 silly runTopLevelLifecycles Finishing
290 silly install printInstalled
291 verbose stack Error: EACCES: permission denied, access '/usr/local/lib'
291 verbose stack     at Error (native)
292 verbose cwd /home/sebastian/Pulpit/sages
293 error Linux 4.4.0-53-generic
294 error argv "/usr/bin/nodejs" "/usr/bin/npm" "install" "-g" "express-generator"
295 error node v4.2.6
296 error npm  v3.5.2
297 error path /usr/local/lib
298 error code EACCES
299 error errno -13
300 error syscall access
301 error Error: EACCES: permission denied, access '/usr/local/lib'
301 error     at Error (native)
301 error  { [Error: EACCES: permission denied, access '/usr/local/lib']
301 error   errno: -13,
301 error   code: 'EACCES',
301 error   syscall: 'access',
301 error   path: '/usr/local/lib' }
302 error Please try running this command again as root/Administrator.
303 verbose exit [ -13, true ]
